[22:05:03] [ServerMain/INFO]: Building unoptimized datafixer
[22:05:04] [ServerMain/INFO]: Environment: authHost='https://authserver.mojang.com', accountsHost='https://api.mojang.com', sessionHost='https://sessionserver.mojang.com', servicesHost='https://api.minecraftservices.com', name='PROD'
[22:05:05] [ServerMain/INFO]: Loaded 7 recipes
[22:05:07] [Server thread/INFO]: Starting minecraft server version 1.19.3
[22:05:07] [Server thread/INFO]: Loading properties
[22:05:07] [Server thread/INFO]: Default game type: SURVIVAL
[22:05:07] [Server thread/INFO]: Generating keypair
[22:05:07] [Server thread/INFO]: Starting Minecraft server on *:25565
[22:05:07] [Server thread/INFO]: Using epoll channel type
[22:05:07] [Server thread/INFO]: This server is running CraftBukkit version 3637-Bukkit-4768df7 (MC: 1.19.3) (Implementing API version 1.19.3-R0.1-SNAPSHOT)
[22:05:07] [Server thread/INFO]: Preparing level "world"
[22:05:09] [Server thread/INFO]: Preparing start region for dimension minecraft:overworld
[22:05:12] [Worker-Main-3/INFO]: Preparing spawn area: 0%
[22:05:12] [Worker-Main-7/INFO]: Preparing spawn area: 0%
[22:05:12] [Worker-Main-7/INFO]: Preparing spawn area: 0%
[22:05:12] [Worker-Main-7/INFO]: Preparing spawn area: 0%
[22:05:12] [Worker-Main-7/INFO]: Preparing spawn area: 0%
[22:05:12] [Worker-Main-7/INFO]: Preparing spawn area: 0%
[22:05:12] [Worker-Main-6/INFO]: Preparing spawn area: 0%
[22:05:13] [Worker-Main-2/INFO]: Preparing spawn area: 17%
[22:05:13] [Worker-Main-1/INFO]: Preparing spawn area: 58%
[22:05:13] [Server thread/INFO]: Time elapsed: 4187 ms
[22:05:13] [Server thread/INFO]: Preparing start region for dimension minecraft:the_nether
[22:05:15] [Worker-Main-6/INFO]: Preparing spawn area: 0%
[22:05:15] [Worker-Main-3/INFO]: Preparing spawn area: 0%
[22:05:15] [Worker-Main-3/INFO]: Preparing spawn area: 0%
[22:05:15] [Worker-Main-3/INFO]: Preparing spawn area: 0%
[22:05:15] [Worker-Main-3/INFO]: Preparing spawn area: 10%
[22:05:16] [Server thread/INFO]: Time elapsed: 2470 ms
[22:05:16] [Server thread/INFO]: Preparing start region for dimension minecraft:the_end
[22:05:17] [Worker-Main-7/INFO]: Preparing spawn area: 0%
[22:05:17] [Worker-Main-2/INFO]: Preparing spawn area: 0%
[22:05:17] [Worker-Main-5/INFO]: Preparing spawn area: 0%
[22:05:17] [Worker-Main-1/INFO]: Preparing spawn area: 30%
[22:05:18] [Server thread/INFO]: Time elapsed: 1804 ms
[22:05:18] [Server thread/INFO]: Server permissions file permissions.yml is empty, ignoring it
[22:05:18] [Server thread/INFO]: Done (10.531s)! For help, type "help"
[22:06:04] [User Authenticator #1/INFO]: UUID of player Pylyr is 41e9ce66-a501-421b-ba50-3c3218ba7084
[22:06:05] [Server thread/INFO]: Pylyr joined the game
[22:06:05] [Server thread/INFO]: Pylyr[/127.0.0.1:56548] logged in with entity id 229 at ([world]-36.064231833780795, 134.65760114723918, -34.82768452793873)
[22:07:29] [Server thread/INFO]: Pylyr issued server command: /effect give Pylyr minecraft:speed 10 100
[22:07:29] [Server thread/INFO]: [Pylyr: Applied effect Speed to Pylyr]
[22:07:43] [Server thread/INFO]: Pylyr issued server command: /effect give Pylyr minecraft:speed 10 100
[22:07:43] [Server thread/INFO]: [Pylyr: Applied effect Speed to Pylyr]
[22:07:55] [Server thread/INFO]: Pylyr issued server command: /effect give Pylyr minecraft:speed 10 1000
[22:08:00] [Server thread/INFO]: Pylyr issued server command: /effect give Pylyr minecraft:speed 10 255
[22:08:00] [Server thread/INFO]: [Pylyr: Applied effect Speed to Pylyr]
[22:08:10] [Server thread/INFO]: Pylyr lost connection: Disconnected
[22:08:10] [Server thread/INFO]: Pylyr left the game
